-------------------------------------------------------------------------------
Test set: com.example.demo.EmployeeDetailsApplicationTests
-------------------------------------------------------------------------------
Tests run: 1, Failures: 0, Errors: 1, Skipped: 0, Time elapsed: 5.1 s <<< FAILURE! - in com.example.demo.EmployeeDetailsApplicationTests
contextLoads  Time elapsed: 0.012 s  <<< ERROR!
java.lang.IllegalStateException: Failed to load ApplicationContext for [WebMergedContextConfiguration@1d01fa0c testClass = com.example.demo.EmployeeDetailsApplicationTests, locations = [], classes = [com.example.demo.EmployeeDetailsApplication], contextInitializerClasses = [], activeProfiles = [], propertySourceLocations = [], propertySourceProperties = ["org.springframework.boot.test.context.SpringBootTestContextBootstrapper=true"], contextCustomizers = [org.springframework.boot.test.context.filter.ExcludeFilterContextCustomizer@258d79be, org.springframework.boot.test.json.DuplicateJsonObjectContextCustomizerFactory$DuplicateJsonObjectContextCustomizer@409c54f, org.springframework.boot.test.mock.mockito.MockitoContextCustomizer@0, org.springframework.boot.test.web.client.TestRestTemplateContextCustomizer@4e423aa2, org.springframework.boot.test.autoconfigure.actuate.observability.ObservabilityContextCustomizerFactory$DisableObservabilityContextCustomizer@9da1, org.springframework.boot.test.autoconfigure.properties.PropertyMappingContextCustomizer@0, org.springframework.boot.test.autoconfigure.web.servlet.WebDriverContextCustomizerFactory$Customizer@1838ccb8, org.springframework.boot.test.context.SpringBootTestAnnotation@26acbb8b], resourceBasePath = "src/main/webapp", contextLoader = org.springframework.boot.test.context.SpringBootContextLoader, parent = null]
Caused by: org.springframework.beans.factory.UnsatisfiedDependencyException: Error creating bean with name 'employeeController': Unsatisfied dependency expressed through field 'ser': Error creating bean with name 'employeeService': Unsatisfied dependency expressed through field 'rep': Error creating bean with name 'employeeRepository' defined in com.example.demo.repository.EmployeeRepository defined in @EnableJpaRepositories declared on JpaRepositoriesRegistrar.EnableJpaRepositoriesConfiguration: Could not create query for public abstract int com.example.demo.repository.EmployeeRepository.updateEmployeeSalary(double,long); Reason: Validation failed for query for method public abstract int com.example.demo.repository.EmployeeRepository.updateEmployeeSalary(double,long)
Caused by: org.springframework.beans.factory.UnsatisfiedDependencyException: Error creating bean with name 'employeeService': Unsatisfied dependency expressed through field 'rep': Error creating bean with name 'employeeRepository' defined in com.example.demo.repository.EmployeeRepository defined in @EnableJpaRepositories declared on JpaRepositoriesRegistrar.EnableJpaRepositoriesConfiguration: Could not create query for public abstract int com.example.demo.repository.EmployeeRepository.updateEmployeeSalary(double,long); Reason: Validation failed for query for method public abstract int com.example.demo.repository.EmployeeRepository.updateEmployeeSalary(double,long)
Caused by: org.springframework.beans.factory.BeanCreationException: Error creating bean with name 'employeeRepository' defined in com.example.demo.repository.EmployeeRepository defined in @EnableJpaRepositories declared on JpaRepositoriesRegistrar.EnableJpaRepositoriesConfiguration: Could not create query for public abstract int com.example.demo.repository.EmployeeRepository.updateEmployeeSalary(double,long); Reason: Validation failed for query for method public abstract int com.example.demo.repository.EmployeeRepository.updateEmployeeSalary(double,long)
Caused by: org.springframework.data.repository.query.QueryCreationException: Could not create query for public abstract int com.example.demo.repository.EmployeeRepository.updateEmployeeSalary(double,long); Reason: Validation failed for query for method public abstract int com.example.demo.repository.EmployeeRepository.updateEmployeeSalary(double,long)
Caused by: java.lang.IllegalArgumentException: Validation failed for query for method public abstract int com.example.demo.repository.EmployeeRepository.updateEmployeeSalary(double,long)
Caused by: java.lang.IllegalArgumentException: org.hibernate.query.sqm.ParsingException: line 1:25 missing SET at 'setemp'
Caused by: org.hibernate.query.sqm.ParsingException: line 1:25 missing SET at 'setemp'

